<?xml version="1.0" encoding="UTF-8"?>
<testng-results skipped="0" failed="0" total="2" passed="2">
  <reporter-output>
  </reporter-output>
  <suite name="Surefire suite" duration-ms="47" started-at="2017-11-29T05:35:53Z" finished-at="2017-11-29T05:35:53Z">
    <groups>
    </groups>
    <test name="Surefire test" duration-ms="47" started-at="2017-11-29T05:35:53Z" finished-at="2017-11-29T05:35:53Z">
      <class name="kz.uib.parking.model.UUIDTest">
        <test-method status="PASS" signature="testTokenUUID()[pri:0, instance:kz.uib.parking.model.UUIDTest@5594a1b5]" name="testTokenUUID" duration-ms="31" started-at="2017-11-29T11:35:53Z" finished-at="2017-11-29T11:35:53Z">
          <reporter-output>
          </reporter-output>
        </test-method> <!-- testTokenUUID -->
        <test-method status="PASS" signature="testUserUUID()[pri:0, instance:kz.uib.parking.model.UUIDTest@5594a1b5]" name="testUserUUID" duration-ms="0" started-at="2017-11-29T11:35:53Z" finished-at="2017-11-29T11:35:53Z">
          <reporter-output>
          </reporter-output>
        </test-method> <!-- testUserUUID -->
      </class> <!-- kz.uib.parking.model.UUIDTest -->
    </test> <!-- Surefire test -->
  </suite> <!-- Surefire suite -->
</testng-results>
